0 0 0
50 0 0
99 0 0
150 0 0
200 0 0
500 0 0
550 0 0
600 0 0
650 0 0
700 0 0
749 0 0
800 0 0
849 0 0
900 0 0
950 0 1
1000 0 2
1050 0 3
1100 0 5
1150 0 6
1200 0 8
1250 0 10
1449 0 19
1500 0 21
1550 0 24
1600 0 24
1649 0 25
1700 0 27
1749 1 29
1800 8 29
1850 8 29
1899 16 30
1949 23 31
1999 38 34
2049 45 35
2099 60 40
2149 67 43
2200 82 49
2450 135 78
2549 159 94
2600 174 105
2649 182 112
2700 182 124
2750 182 130
2800 182 137
2849 182 149
2899 182 156
2950 182 162
3000 182 175
3050 182 182
3099 182 195
3149 182 201
3199 182 208
3249 182 221
3450 218 264
3500 225 272
3549 239 289
3600 246 298
3650 260 316
3700 267 325
3749 281 344
3800 295 364
3849 317 394
3900 332 414
3950 349 434
3999 376 464
4050 406 492
4100 439 520
4150 476 549
4200 514 577
4450 768 750
4500 816 785
4550 846 833
4600 845 870
4650 844 919
4699 889 957
4749 949 1010
4899 1070 1122
4949 1133 1181
5000 1213 1255
5050 1279 1316
5099 1346 1378
5149 1430 1459
5199 1479 1526
5249 1474 1611
5299 1471 1680
5499 1540 1941
5550 1617 2033
5600 1680 2107
5650 1762 2200
5700 1846 2294
5750 1930 2390
5799 1996 2489
5849 1989 2590
5900 1983 2690
5949 1976 2791
6000 1970 2893
6050 1963 2995
6100 2040 3099
6149 2101 3184
6200 2163 3271
6250 2256 3402
6500 2400 3975
6550 2391 4092
6599 2382 4209
6650 2373 4327
6700 2365 4422
6749 2387 4541
6800 2456 4662
6850 2538 4809
6900 2594 4907
6950 2679 5056
7000 2748 5182
7049 2735 5334
7100 2724 5462
7150 2712 5590
7200 2701 5718
7250 2687 5873
7450 2926 6427
7499 3004 6589
7550 3068 6725
7600 3082 6891
7650 3068 7029
7700 3052 7196
7750 3038 7335
7799 3021 7503
7850 3051 7644
7899 3109 7786
7950 3166 7930
8000 3212 8045
8050 3282 8219
8100 3335 8396
8150 3319 8543
8200 3300 8721
8450 3285 9499
8500 3347 9681
8550 3409 9863
8650 3496 10200
8700 3475 10385
8750 3458 10540
8800 3437 10727
8850 3419 10882
8900 3412 11070
8950 3469 11258
9000 3516 11416
9050 3573 11606
9100 3606 11766
9150 3588 11926
9200 3565 12118
9250 3547 12278
9500 3555 12959
9550 3598 13122
9600 3650 13318
9650 3694 13481
9699 3700 13645
9750 3680 13809
9800 3660 13974
9850 3637 14173
9900 3617 14339
9949 3606 14538
10000 3646 14705
10050 3694 14905
10100 3744 15105
10150 3794 15305
10199 3798 15472
10500 3721 16585
10550 3767 16789
10600 3806 16959
10650 3854 17162
10700 3890 17365
10750 3864 17568
10800 3843 17738
10850 3821 17908
10950 3822 18284
11000 3868 18489
11050 3914 18694
11100 3953 18865
11150 3992 19037
11200 3965 19243
11250 3943 19415
11300 3917 19622
11500 3996 20385
11550 4041 20593
11600 4079 20766
11650 4075 20975
11700 4057 21114
11750 4029 21323
11800 4002 21533
11850 4045 21743
11900 4088 21953
11950 4132 22163
12000 4170 22338
12050 4177 22549
12100 4149 22759
12150 4120 22970
12200 4092 23182
12250 4069 23358
12450 4209 24170
12500 4241 24380
12550 4217 24556
12600 4188 24767
12650 4159 24978
12700 4142 25190
12750 4177 25368
12800 4227 25615
12850 4272 25826
12900 4318 26036
12950 4318 26212
13000 4289 26423
13050 4259 26635
13100 4237 26882
13150 4280 27095
13200 4323 27308
13450 4304 28383
13500 4292 28635
13550 4332 28851
13600 4372 29068
13650 4412 29284
13700 4453 29500
13750 4440 29754
13800 4414 29934
13850 4388 30115
13950 4357 30333
14000 4385 30550
14050 4417 30732
14100 4449 30914
14150 4488 31134
14200 4456 31353
14250 4429 31536
14500 4476 32637
14550 4520 32895
14600 4499 33115
14650 4467 33336
14700 4435 33557
14750 4403 33779
14800 4394 34001
14850 4429 34223
14900 4464 34445
14950 4500 34667
15000 4524 34889
15050 4487 35148
15100 4460 35333
15150 4427 35556
15200 4395 35779
15250 4407 35927
15500 4455 37075
15550 4423 37297
15600 4396 37483
15650 4386 37707
15700 4420 37930
15750 4454 38153
15800 4491 38374
15850 4527 38595
15900 4495 38817
15950 4463 39038
16000 4430 39260
16050 4405 39519
16100 4439 39741
16150 4475 39964
16200 4512 40185
16250 4548 40406
16450 4424 41257
16500 4437 41479
16550 4479 41738
16600 4516 41958
16650 4555 42177
16700 4570 42397
16750 4532 42653
16800 4500 42872
16850 4468 43093
16900 4436 43313
16950 4466 43497
17000 4503 43718
17050 4540 43939
17100 4541 44162
17150 4508 44383
17200 4476 44606
17450 4470 45646
17500 4507 45867
17550 4539 46051
17600 4530 46271
17650 4497 46491
17700 4465 46712
17750 4433 46934
17800 4435 47155
17850 4477 47414
17900 4513 47635
17950 4551 47856
18000 4565 48077
18050 4532 48298
18100 4495 48555
18150 4462 48777
18200 4430 48999
18450 4541 50109
18499 4541 50000
18499 4541 50000
18499 4541 50000
18499 4541 50000
18499 4541 50000
18499 4541 50000
18499 4541 50000
18499 4541 50000
18499 4541 50000
18499 4541 50000
18499 4541 50000
18499 4541 50000
18499 4541 50000
18499 4541 50000
18499 4541 50000
18499 4541 50000
18499 4541 50000
18499 4541 50000
18499 4541 50000
18499 4541 50000
18499 4541 50000
18499 4541 50000
18499 4541 50000
18499 4541 50000
18499 4541 50000
18499 4541 50000
18499 4541 50000
18499 4541 50000
18499 4541 50000
18499 4541 50000
18499 4541 50000
18499 4541 50000
18499 4541 50000
18499 4541 50000
18499 4541 50000
18499 4541 50000
18499 4541 50000
18499 4541 50000
18499 4541 50000
18499 4541 50000
18499 4541 50000
18499 4541 50000
18499 4541 50000
18499 4541 50000
18499 4541 50000
18499 4541 50000
18499 4541 50000
18499 4541 50000
18499 4541 50000
18499 4541 50000
18499 4541 50000
18499 4541 50000
18499 4541 50000
18499 4541 50000
18499 4541 50000
18499 4541 50000
18499 4541 50000
18499 4541 50000
18499 4541 50000
18499 4541 50000
18499 4541 50000
18499 4541 50000
18499 4541 50000
18499 4541 50000
18499 4541 50000
18499 4541 50000
18499 4541 50000
18499 4541 50000
18499 4541 50000
18499 4541 50000
18499 4541 50000
18499 4541 50000
18499 4541 50000
18499 4541 50000
18499 4541 50000
18499 4541 50000
18499 4541 50000
18499 4541 50000
18499 4541 50000
18499 4541 50000
18499 4541 50000
18499 4541 50000
18499 4541 50000
18499 4541 50000
18499 4541 50000
18499 4541 50000
18499 4541 50000
18499 4541 50000
18499 4541 50000
18499 4541 50000
18499 4541 50000
18499 4541 50000
18499 4541 50000
18499 4541 50000
18499 4541 50000
18499 4541 50000
18499 4541 50000
18499 4541 50000
18499 4541 50000
18499 4541 50000
18499 4541 50000
18499 4541 50000
18499 4541 50000
18499 4541 50000
18499 4541 50000
18499 4541 50000
18499 4541 50000
18499 4541 50000
18499 4541 50000
18499 4541 50000
18499 4541 50000
18499 4541 50000
18499 4541 50000
18499 4541 50000
18499 4541 50000
18499 4541 50000
18499 4541 50000
18499 4541 50000
18499 4541 50000
18499 4541 50000
18499 4541 50000
18499 4541 50000
18499 4541 50000
18499 4541 50000
18499 4541 50000
18499 4541 50000
18499 4541 50000
18499 4541 50000
18499 4541 50000
18499 4541 50000
18499 4541 50000
18499 4541 50000
18499 4541 50000
18499 4541 50000
18499 4541 50000
18499 4541 50000
18499 4541 50000
18499 4541 50000
18499 4541 50000
18499 4541 50000
18499 4541 50000
18499 4541 50000
18499 4541 50000
18499 4541 50000
18499 4541 50000
18499 4541 50000
18499 4541 50000
18499 4541 50000
18499 4541 50000
18499 4541 50000
18499 4541 50000
18499 4541 50000
18499 4541 50000
18499 4541 50000
18499 4541 50000
18499 4541 50000
18499 4541 50000
18499 4541 50000
18499 4541 50000
18499 4541 50000
18499 4541 50000
18499 4541 50000
18499 4541 50000
18499 4541 50000
18499 4541 50000
18499 4541 50000
18499 4541 50000
18499 4541 50000
18499 4541 50000
18499 4541 50000
18499 4541 50000
18499 4541 50000
18499 4541 50000
18499 4541 50000
18499 4541 50000
18499 4541 50000
18499 4541 50000
18499 4541 50000
18499 4541 50000
18499 4541 50000
18499 4541 50000
18499 4541 50000
18499 4541 50000
18499 4541 50000
18499 4541 50000
18499 4541 50000
18499 4541 50000
18499 4541 50000
18499 4541 50000
18499 4541 50000
18499 4541 50000
18499 4541 50000
18499 4541 50000
18499 4541 50000
18499 4541 50000
18499 4541 50000
18499 4541 50000
18499 4541 50000
18499 4541 50000
18499 4541 50000
18499 4541 50000
18499 4541 50000
18499 4541 50000
18499 4541 50000
18499 4541 50000
18499 4541 50000
18499 4541 50000
18499 4541 50000
18499 4541 50000
18499 4541 50000
18499 4541 50000
18499 4541 50000
18499 4541 50000
18499 4541 50000
18499 4541 50000
18499 4541 50000
18499 4541 50000
18499 4541 50000
18499 4541 50000
18499 4541 50000
18499 4541 50000
18499 4541 50000
18499 4541 50000
18499 4541 50000
18499 4541 50000
18499 4541 50000
18499 4541 50000
18499 4541 50000
18499 4541 50000
18499 4541 50000
18499 4541 50000
18499 4541 50000
18499 4541 50000
18499 4541 50000
18499 4541 50000
18499 4541 50000
18499 4541 50000
18499 4541 50000
18499 4541 50000
18499 4541 50000
18499 4541 50000
18499 4541 50000
18499 4541 50000
18499 4541 50000
18499 4541 50000
18499 4541 50000
18499 4541 50000
18499 4541 50000
18499 4541 50000
18499 4541 50000
18499 4541 50000
18499 4541 50000
18499 4541 50000
18499 4541 50000
18499 4541 50000
18499 4541 50000
18499 4541 50000
18499 4541 50000
18499 4541 50000
