0 0 0
49 38 0
100 38 0
149 38 1
200 38 1
249 38 2
299 38 2
349 38 3
400 38 4
449 38 4
499 75 5
549 150 7
799 223 29
850 223 34
899 223 42
949 223 47
999 223 53
1049 223 60
1100 223 64
1149 222 69
1199 222 75
1250 222 82
1299 222 87
1349 222 95
1399 222 100
1449 222 108
1499 222 115
1550 222 122
1800 222 163
1849 222 172
1899 222 179
1949 222 186
1999 222 192
2049 221 202
2099 221 211
2149 250 223
2199 392 240
2250 531 264
2299 612 293
2349 611 324
2399 611 355
2449 610 386
2499 636 417
2550 738 446
2750 1281 663
2799 1303 725
2850 1300 786
2899 1298 848
2949 1296 898
3000 1294 948
3050 1360 1012
3099 1492 1095
3149 1601 1168
3199 1709 1244
3249 1838 1341
3300 1921 1426
3349 1914 1530
3399 1909 1616
3450 1904 1703
3499 1898 1791
3750 2352 2322
3799 2422 2447
3850 2414 2553
3899 2405 2659
3949 2397 2766
4000 2390 2852
4050 2382 2959
4099 2465 3091
4150 2548 3203
4199 2649 3339
4250 2749 3478
4299 2810 3621
4350 2802 3717
4400 2789 3861
4450 2775 4006
4500 2765 4128
4799 3113 4856
4850 3149 5014
4899 3133 5172
4949 3117 5330
4999 3103 5463
5050 3087 5623
5099 3120 5784
5149 3188 5920
5199 3255 6056
5249 3349 6250
5299 3382 6390
5349 3367 6531
5399 3352 6672
5449 3333 6842
5499 3321 6956
5549 3318 7127
5749 3560 7803
5799 3539 7983
5849 3518 8163
5899 3498 8345
5949 3481 8496
5999 3474 8678
6049 3538 8862
6099 3602 9046
6149 3666 9231
6200 3729 9417
6249 3721 9605
6299 3698 9793
6349 3679 9950
6399 3657 10139
6449 3634 10329
6499 3643 10487
6749 3850 11451
6799 3830 11613
6849 3806 11808
6900 3782 12004
6949 3810 12200
7000 3863 12397
7050 3918 12594
7099 3964 12759
7150 4018 12958
7199 3992 13157
7249 3966 13356
7299 3940 13556
7349 3915 13756
7399 3945 13924
7449 4004 14159
7499 4056 14360
7749 4036 15307
7799 4022 15511
7849 4070 15716
7899 4119 15922
7949 4159 16093
7999 4206 16301
8049 4178 16508
8099 4155 16681
8150 4127 16889
8199 4103 17063
8249 4119 17307
8300 4164 17517
8350 4208 17727
8399 4240 17939
8450 4210 18151
8500 4191 18292
8749 4156 19322
8849 4196 19537
8899 4212 19753
8949 4187 19933
8999 4158 20149
9049 4129 20365
9099 4100 20581
9149 4104 20798
9199 4136 20978
9249 4173 21195
9299 4211 21413
9349 4237 21631
9399 4213 21812
9449 4183 22030
9499 4158 22212
9549 4129 22431
9800 4243 23452
9849 4225 23670
9899 4195 23889
9950 4165 24107
9999 4140 24290
10049 4165 24509
10099 4201 24729
10149 4237 24948
10199 4274 25167
10250 4288 25387
10299 4262 25569
10349 4232 25789
10399 4202 26009
10450 4182 26156
10499 4157 26340
10549 4191 26561
10750 4254 27445
10800 4228 27630
10849 4198 27852
10899 4167 28074
10950 4185 28259
11000 4218 28481
11049 4251 28703
11100 4280 28889
11149 4291 29111
11200 4266 29297
11249 4240 29482
11299 4209 29706
11350 4184 29893
11399 4153 30117
11449 4185 30341
11500 4217 30564
11750 4224 31552
11800 4199 31736
11850 4224 31955
11899 4253 32139
11949 4289 32359
12000 4319 32543
12049 4293 32727
12100 4262 32947
12150 4237 33131
12200 4206 33353
12250 4181 33537
12299 4177 33722
12350 4205 33907
12399 4240 34128
12450 4276 34347
12499 4314 34566
12750 4211 35625
12799 4247 35845
12849 4283 36065
12899 4320 36285
12950 4322 36505
12999 4291 36724
13049 4266 36908
13100 4235 37128
13149 4210 37313
13200 4196 37497
13300 4225 37681
13350 4261 37900
13399 4300 38117
13449 4333 38297
13499 4338 38514
13550 4307 38731
13799 4304 39819
13849 4344 40035
13899 4386 40250
13949 4384 40430
14000 4353 40646
14050 4328 40826
14099 4297 41043
14149 4308 41297
14200 4347 41513
14250 4389 41729
14299 4432 41943
14350 4470 42192
14399 4439 42407
14450 4408 42622
14500 4377 42837
14550 4347 43052
14750 4493 43985
14799 4498 44199
14849 4467 44414
14899 4436 44629
14950 4405 44845
15000 4398 45060
15049 4446 45312
15099 4489 45527
15150 4542 45775
15199 4589 45987
15250 4552 46235
15300 4520 46447
15350 4484 46695
15399 4458 46873
15450 4427 47087
15500 4446 47300
15750 4562 48478
15800 4530 48694
15850 4499 48910
15899 4504 49125
15949 4546 49342
16000 4597 49592
16050 4642 49806
16099 4648 50021
16150 4616 50235
16199 4579 50486
16250 4547 50701
16300 4522 50952
16350 4564 51168
16399 4614 51421
16450 4657 51637
16499 4674 51853
16750 4590 52904
16800 4639 53157
16850 4683 53373
16900 4722 53624
16950 4689 53840
17000 4650 54092
17050 4618 54309
17099 4580 54562
17150 4585 54778
17200 4626 54996
17249 4661 55177
17299 4710 55431
17350 4702 55648
17400 4663 55902
17449 4636 56084
17499 4597 56339
17799 4735 57496
17850 4702 57712
17950 4631 58182
17999 4630 58435
18050 4672 58652
18100 4720 58907
18150 4749 59126
18250 4687 59528
18299 4654 59747
18350 4627 60003
18400 4667 60222
18450 4713 60479
18499 4760 60735
18549 4800 60955
18599 4760 61212
18650 4726 61432
18799 4704 62131
18849 4736 62315
18899 4781 62573
18949 4820 62794
18999 4780 63052
19049 4745 63274
19099 4711 63496
19150 4672 63755
19199 4685 63977
19250 4716 64162
19299 4754 64384
19399 4803 64862
19450 4769 65082
19500 4735 65303
19549 4695 65562
19599 4686 65782
19750 4813 66521
19799 4797 66780
19850 4768 66965
19900 4728 67225
19950 4694 67447
20000 4731 67670
20050 4762 67856
20099 4799 68078
20150 4838 68300
20199 4846 68559
20250 4812 68780
20300 4771 69039
20349 4737 69261
20399 4727 69483
20449 4765 69705
20499 4802 69928
20749 4733 71151
20799 4770 71373
20849 4814 71633
20899 4853 71854
20950 4899 72113
21000 4864 72334
21050 4823 72593
21100 4794 72778
21149 4754 73036
21199 4732 73257
21249 4777 73515
21299 4822 73775
21349 4817 73960
21399 4776 74220
21450 4742 74443
21500 4707 74666
21750 4846 75854
21800 4806 76113
21849 4771 76337
21900 4736 76560
21949 4702 76783
21999 4738 77006
22049 4780 77267
22099 4816 77492
22149 4817 77717
22199 4776 77979
22299 4741 78204
22349 4700 78467
22400 4723 78692
22449 4758 78917
22500 4793 79142
22549 4824 79328
22799 4726 80488
22849 4760 80714
22899 4799 80978
22950 4833 81204
22999 4832 81431
23050 4791 81696
23100 4756 81923
23149 4726 82187
23200 4759 82414
23249 4793 82640
23299 4833 82904
23349 4862 83167
23399 4827 83392
23449 4792 83618
23500 4757 83843
23549 4728 84032
23749 4835 84973
23799 4799 85199
23849 4758 85463
23899 4723 85690
23949 4729 85878
24050 4796 86330
24099 4837 86593
24149 4836 86819
24200 4795 87082
24249 4760 87308
24299 4725 87534
24349 4719 87722
24399 4753 87947
24449 4793 88211
24499 4828 88437
24549 4815 88663
24749 4749 89605
24799 4783 89831
24849 4824 90094
24899 4853 90281
24949 4847 90545
24999 4817 90732
25049 4776 90996
25099 4741 91222
25149 4741 91448
25199 4780 91712
25249 4813 91939
25299 4847 92166
25350 4845 92393
25399 4810 92621
25449 4768 92887
25499 4733 93114
25749 4818 94250
25799 4777 94514
25849 4742 94742
25899 4707 94969
25949 4739 95196
25999 4777 95461
26049 4809 95689
26099 4801 95956
26149 4766 96184
26199 4731 96413
26249 4695 96642
26299 4688 96908
26349 4718 97137
26399 4744 97328
26449 4782 97594
26499 4780 97822
26799 4698 99001
26849 4734 99268
26899 4764 99498
26949 4750 99728
26999 4721 99919
27049 4686 100000
27049 4686 100000
27049 4686 100000
27049 4686 100000
