150 0 0
200 0 0
249 0 0
300 0 0
349 0 0
400 0 0
450 0 0
500 0 0
550 0 0
600 0 0
649 0 0
700 0 0
749 0 0
800 0 0
850 0 0
900 0 0
1149 0 0
1200 0 0
1249 0 0
1300 0 0
1349 0 0
1400 0 0
1450 29 0
1500 29 0
1549 29 0
1600 29 0
1650 29 1
1700 29 1
1750 29 2
1799 29 2
1850 29 3
1899 29 3
2149 115 7
2200 144 9
2249 172 12
2300 172 14
2350 172 16
2399 172 20
2450 172 21
2499 172 25
2550 172 27
2600 172 29
2649 172 32
2700 172 34
2750 172 36
2800 172 40
2849 172 42
2900 171 43
3099 171 54
3149 171 56
3199 171 58
3250 171 60
3300 171 62
3349 171 66
3399 171 67
3449 171 69
3500 171 71
3550 171 73
3599 171 77
3650 171 77
3700 171 78
3750 171 80
3800 171 82
3900 171 84
4150 171 93
4200 171 95
4249 171 97
4300 171 99
4350 171 100
4400 171 102
4449 171 104
4500 171 106
4549 171 108
4600 171 110
4650 171 111
4700 171 113
4750 171 115
4800 171 117
4850 171 119
4900 171 121
5150 171 128
5200 171 130
5250 171 132
5299 171 133
5350 171 135
5400 171 135
5450 171 137
5500 171 139
5549 171 141
5600 171 142
5649 171 142
5700 171 144
5750 171 146
5800 171 148
5850 171 148
5900 171 150
6150 171 157
6200 171 157
6249 171 159
6299 171 161
6350 171 161
6400 171 163
6450 171 164
6499 171 164
6549 171 164
6599 171 166
6649 171 166
6699 171 168
6749 171 168
6800 171 170
6850 171 170
6900 171 172
7150 171 177
7200 171 177
7249 171 179
7300 171 179
7350 171 181
7399 171 181
7450 171 183
7500 171 185
7549 171 186
7600 171 186
7650 171 188
7700 171 188
7750 171 190
7800 171 192
7850 171 194
7899 171 196
8100 171 201
8200 171 203
8250 171 205
8300 171 207
8350 171 208
8399 171 212
8449 171 214
8550 171 217
8599 171 221
8650 170 223
8700 170 227
8749 170 230
8799 170 234
8849 170 238
8900 170 241
8950 170 247
9150 170 267
9200 170 272
9249 170 276
9300 170 281
9349 170 289
9400 170 294
9450 170 300
9500 170 305
9549 170 312
9649 170 323
9700 170 331
9749 170 337
9800 170 346
9849 216 356
9899 308 369
9950 424 392
10150 630 507
10199 629 536
10250 650 573
10300 736 606
10350 842 652
10399 949 703
10449 1057 757
10499 1165 816
10550 1273 878
10599 1379 946
10649 1397 1016
10700 1394 1087
10750 1391 1158
10799 1450 1230
10850 1548 1307
10900 1646 1387
11150 1947 1845
11200 1941 1937
11250 1935 2029
11299 2025 2143
11349 2115 2241
11399 2205 2341
11449 2295 2442
11549 2455 2654
11599 2445 2783
11699 2426 3022
11750 2434 3153
11799 2516 3266
11849 2598 3380
11900 2679 3497
11950 2776 3638
12000 2854 3783
12099 2827 4076
12149 2814 4223
12200 2890 4348
12250 2979 4500
12299 3068 4654
12349 3156 4811
12399 3208 4970
12450 3194 5104
12500 3178 5265
12549 3161 5426
12600 3226 5589
12650 3307 5754
12700 3386 5922
12800 3466 6091
12850 3545 6262
12900 3538 6463
13150 3609 7335
13200 3669 7484
13250 3741 7663
13300 3781 7844
13350 3759 8026
13399 3737 8208
13450 3711 8422
13499 3719 8605
13550 3785 8790
13600 3850 8977
13650 3926 9197
13699 3975 9387
13749 3950 9577
13800 3925 9769
13850 3905 9928
13900 3952 10120
14149 4092 11124
14200 4070 11287
14250 4068 11515
14299 4126 11712
14350 4173 11878
14400 4229 12077
14449 4271 12278
14500 4239 12512
14549 4211 12713
14600 4188 12881
14650 4188 13083
14699 4240 13285
14750 4294 13489
14800 4338 13658
14850 4359 13897
14900 4330 14101
15150 4383 15130
15199 4424 15304
15249 4433 15513
15300 4403 15722
15350 4373 15931
15400 4377 16176
15450 4424 16386
15500 4472 16596
15549 4519 16806
15600 4535 17053
15650 4504 17265
15700 4473 17477
15750 4442 17689
15800 4442 17866
15849 4494 18114
15899 4531 18292
16150 4507 19400
16200 4545 19650
16250 4589 19865
16300 4640 20116
16350 4684 20331
16400 4646 20582
16450 4614 20798
16500 4581 21014
16550 4555 21194
16600 4604 21446
16649 4646 21664
16699 4693 21918
16749 4660 22137
16800 4627 22355
16850 4589 22610
16900 4617 22829
17150 4759 23743
17199 4720 23999
17250 4692 24182
17300 4653 24439
17350 4673 24623
17400 4718 24881
17450 4756 25102
17500 4781 25325
17550 4747 25547
17599 4713 25769
17650 4673 26029
17700 4663 26251
17749 4705 26512
17800 4742 26735
17849 4785 26994
17899 4786 27218
18149 4714 28371
18199 4756 28632
18250 4799 28893
18299 4800 29117
18350 4765 29340
18400 4725 29601
18450 4690 29825
18499 4691 30049
18550 4732 30311
18599 4768 30534
18649 4811 30795
18700 4800 31019
18750 4765 31242
18800 4731 31466
18849 4691 31726
18899 4704 31949
19149 4764 33073
19200 4735 33260
19250 4706 33448
19300 4735 33635
19350 4775 33898
19400 4818 34159
19450 4806 34383
19500 4777 34569
19549 4743 34793
19599 4708 35017
19650 4680 35278
19699 4716 35501
19750 4746 35688
19800 4787 35950
19850 4769 36138
19900 4740 36325
20149 4749 37530
20199 4749 37756
20249 4708 38019
20299 4679 38208
20349 4645 38435
20399 4611 38662
20450 4577 38890
20499 4549 39079
20550 4515 39307
20599 4482 39536
20649 4448 39765
20700 4421 39956
20750 4388 40187
20800 4355 40418
20849 4328 40611
20900 4300 40804
21099 4193 41583
21150 4161 41818
21200 4134 42015
21249 4108 42212
21300 4081 42410
21399 4055 42609
21449 4029 42807
21499 4003 43007
21549 3977 43206
21599 3956 43366
21649 3931 43567
21749 3885 43929
21799 3859 44131
21849 3834 44333
21899 3809 44536
21949 3789 44699
22149 3699 45434
22199 3675 45639
22249 3660 45762
22299 3635 45968
22349 3626 46050
22400 3606 46216
22449 3582 46423
22500 3563 46589
22549 3543 46756
22599 3524 46924
22649 3505 47091
22700 3481 47301
22749 3462 47470
22799 3443 47638
22849 3424 47807
22900 3405 47977
23149 3317 48785
23199 3299 48956
23250 3280 49128
23299 3262 49299
23349 3248 49428
23399 3230 49601
23449 3212 49774
23499 3194 49947
23549 3180 50077
23599 3162 50250
23649 3149 50381
23699 3131 50555
23749 3114 50730
23800 3100 50861
23849 3083 51036
23899 3069 51168
24149 3000 51874
24199 2987 52008
24250 2969 52186
24299 2957 52319
24349 2944 52454
24399 2931 52588
24449 2914 52767
24499 2901 52902
24549 2888 53037
24599 2876 53173
24649 2863 53308
24699 2850 53444
24749 2838 53580
24799 2821 53762
24849 2808 53899
24899 2796 54036
25149 2734 54724
25199 2726 54816
25249 2714 54955
25299 2701 55094
25349 2689 55233
25399 2677 55372
25449 2665 55512
25499 2653 55652
25549 2645 55746
25599 2633 55886
25649 2620 56027
25699 2608 56168
25749 2600 56262
25799 2589 56404
25849 2577 56546
25899 2565 56688
26149 2525 57165
26199 2513 57308
26249 2506 57404
26299 2494 57548
26349 2486 57645
26399 2474 57789
26449 2467 57886
26499 2459 57983
26549 2451 58080
26599 2443 58177
26649 2436 58275
26699 2424 58421
26749 2416 58519
26799 2405 58666
26849 2397 58765
26899 2389 58863
27149 2347 59410
27199 2340 59511
27249 2328 59661
27299 2320 59762
27349 2313 59863
27399 2305 59964
27449 2294 60116
27499 2286 60218
27549 2279 60320
27599 2271 60422
27649 2264 60525
27699 2256 60627
27749 2248 60730
27799 2241 60833
27849 2233 60937
27899 2226 61040
28149 2196 61458
28199 2192 61510
28249 2185 61615
28299 2177 61721
28349 2170 61827
28399 2162 61933
28449 2155 62039
28499 2147 62147
28549 2140 62254
28599 2132 62362
28649 2125 62470
28699 2117 62579
28749 2110 62688
28800 2102 62797
28849 2095 62906
28899 2087 63016
29149 2057 63459
29199 2054 63515
29249 2046 63626
29299 2039 63739
29350 2031 63851
29399 2027 63908
29449 2020 64021
29499 2013 64135
29549 2005 64249
29599 2001 64306
29649 1994 64421
29699 1986 64536
29749 1983 64594
29799 1975 64710
29849 1968 64826
29899 1964 64884
30099 1945 65177
30149 1942 65236
30199 1934 65354
30249 1927 65473
30350 1927 65473
30399 1919 65592
30449 1915 65652
30499 1908 65773
30549 1904 65833
30599 1897 65955
30649 1893 66015
30699 1885 66138
30749 1882 66199
30799 1874 66323
30849 1870 66385
30899 1863 66510
31149 1836 66951
31199 1832 67015
31249 1829 67078
31299 1821 67207
31349 1817 67271
31399 1813 67335
31449 1806 67465
31499 1802 67530
31549 1798 67595
31599 1794 67661
31649 1790 67726
31699 1787 67792
31749 1779 67924
31799 1775 67990
31849 1771 68057
31899 1767 68124
32149 1740 68598
32199 1736 68667
32249 1732 68736
32299 1729 68805
32349 1725 68874
32399 1725 68874
32449 1717 69014
32499 1713 69085
32549 1709 69155
32599 1705 69226
32649 1701 69298
32699 1697 69369
32749 1693 69441
32799 1689 69513
32849 1681 69659
32899 1677 69732
33149 1657 70104
33199 1653 70179
33249 1649 70255
33299 1645 70331
33349 1641 70407
33399 1636 70484
33449 1632 70562
33499 1628 70639
33549 1624 70717
33599 1624 70717
33649 1620 70796
33699 1616 70875
33749 1612 70954
33799 1607 71034
33849 1607 71034
33899 1603 71114
34149 1582 71523
34199 1578 71607
34249 1573 71691
34299 1573 71691
34349 1569 71775
34399 1565 71861
34449 1560 71947
34499 1556 72034
34549 1556 72034
34599 1551 72121
34649 1547 72209
34699 1542 72298
34749 1538 72388
34799 1538 72388
34849 1533 72478
34949 1529 72569
35149 1515 72847
35199 1510 72942
35249 1510 72942
35299 1510 72942
35349 1506 73037
35399 1506 73037
35449 1506 73037
35499 1501 73133
35549 1501 73133
35599 1496 73230
35649 1492 73328
35699 1492 73328
35749 1487 73427
35799 1487 73427
35849 1482 73527
35899 1477 73629
36149 1462 73941
36199 1462 73941
36249 1457 74048
36299 1457 74048
36349 1452 74157
36399 1452 74157
36449 1446 74268
36499 1446 74268
36549 1441 74381
36599 1441 74381
36649 1436 74496
36699 1436 74496
36749 1430 74612
36799 1430 74612
36849 1425 74731
36899 1425 74731
37149 1408 75099
37199 1408 75099
37249 1402 75226
37299 1402 75226
37349 1402 75226
37399 1396 75356
37449 1396 75356
37499 1390 75488
37549 1390 75488
37599 1384 75622
37649 1384 75622
37699 1384 75622
37749 1378 75758
37799 1378 75758
37849 1378 75758
37899 1371 75897
38149 1365 76038
38199 1365 76038
38249 1365 76038
38299 1359 76183
38349 1359 76183
38399 1359 76183
38449 1352 76331
38499 1352 76331
38549 1352 76331
38599 1352 76331
38649 1352 76331
38699 1352 76331
38749 1352 76331
38799 1345 76482
38849 1345 76482
38899 1345 76482
39099 1339 76638
39149 1339 76638
39199 1339 76638
39299 1332 76797
39349 1332 76797
39399 1332 76797
39449 1332 76797
39499 1332 76797
39549 1325 76961
39599 1325 76961
39649 1325 76961
39699 1325 76961
39749 1325 76961
39799 1325 76961
39849 1325 76961
39899 1317 77130
40149 1317 77130
40199 1317 77130
40249 1317 77130
40299 1317 77130
40349 1310 77302
40399 1310 77302
40449 1310 77302
40499 1310 77302
40549 1310 77302
40599 1310 77302
40649 1310 77302
40699 1310 77302
40749 1310 77302
40799 1310 77302
40849 1310 77302
40899 1310 77302
41149 1310 77302
41199 1310 77302
41249 1310 77302
41299 1310 77302
41349 1310 77302
41399 1310 77302
41449 1310 77302
41499 1310 77302
41549 1310 77302
41599 1310 77302
41649 1310 77302
41699 1310 77302
41749 1310 77302
41799 1310 77302
41849 1310 77302
41899 1310 77302
42149 1310 77302
42199 1310 77302
42249 1310 77302
42299 1310 77302
42349 1310 77302
42399 1310 77302
42449 1310 77302
42499 1310 77302
42549 1310 77302
42599 1310 77302
42649 1310 77302
42699 1310 77302
42749 1310 77302
42799 1310 77302
42849 1310 77302
42899 1310 77302
43099 1310 77302
43149 1310 77302
43249 1310 77302
43299 1310 77302
43349 1310 77302
43399 1310 77302
43449 1310 77302
43499 1310 77302
43549 1310 77302
43599 1310 77302
43649 1310 77302
43699 1310 77302
43749 1310 77302
43799 1310 77302
43849 1310 77302
43899 1310 77302
44149 1310 77302
44199 1310 77302
44249 1310 77302
44299 1310 77302
44349 1310 77302
44399 1310 77302
44449 1310 77302
44499 1310 77302
44549 1310 77302
44599 1310 77302
44649 1310 77302
44699 1310 77302
44749 1310 77302
44799 1310 77302
44849 1310 77302
44899 1310 77302
45149 1310 77302
45199 1310 77302
45249 1310 77302
45299 1310 77302
45349 1310 77302
45399 1310 77302
45449 1310 77302
45499 1310 77302
45549 1310 77302
45599 1310 77302
45649 1310 77302
45699 1310 77302
45749 1310 77302
45799 1310 77302
45849 1310 77302
45899 1310 77302
46149 1310 77302
46199 1310 77302
46249 1310 77302
46299 1310 77302
46349 1310 77302
46399 1310 77302
46449 1310 77302
46499 1310 77302
46549 1310 77302
46599 1310 77302
46649 1310 77302
46699 1310 77302
46749 1310 77302
46799 1310 77302
46849 1310 77302
46899 1310 77302
47099 1310 77302
47149 1310 77302
47199 1310 77302
47249 1310 77302
47299 1310 77302
47349 1310 77302
47449 1310 77302
47499 1310 77302
47549 1310 77302
47599 1310 77302
47649 1310 77302
47699 1310 77302
47749 1310 77302
47799 1310 77302
47849 1310 77302
47899 1310 77302
48149 1310 77302
48199 1310 77302
48249 1310 77302
48299 1310 77302
